<?xml version="1.0" encoding="UTF-8"?>
<!-- Generated by org.testng.reporters.JUnitReportReporter -->
<testsuite hostname="Bhargavas-MacBook-Pro.local" failures="0" tests="1" name="testCases.TC_001_AccountRegistration" time="9.433" errors="0" timestamp="2022-01-26T15:36:21 CET" skipped="0">
  <testcase classname="testCases.TC_001_AccountRegistration" name="test_account_Registration" time="9.433"/>
  <system-out/>
</testsuite> <!-- testCases.TC_001_AccountRegistration -->
