<?xml version="1.0" encoding="UTF-8"?>
<!-- Generated by org.testng.reporters.JUnitReportReporter -->
<testsuite hostname="Bhargavas-MacBook-Pro.local" failures="0" tests="4" name="testCases.TC_003_LoginDDT" time="116.009" errors="0" timestamp="2022-01-25T22:22:43 CET" skipped="0">
  <testcase classname="testCases.TC_003_LoginDDT" name="test_LoginDDT" time="14.462"/>
  <system-out/>
  <testcase classname="testCases.TC_003_LoginDDT" name="test_LoginDDT" time="19.109"/>
  <system-out/>
  <testcase classname="testCases.TC_003_LoginDDT" name="test_LoginDDT" time="29.282"/>
  <system-out/>
  <testcase classname="testCases.TC_003_LoginDDT" name="test_LoginDDT" time="53.156"/>
  <system-out/>
</testsuite> <!-- testCases.TC_003_LoginDDT -->
