<?xml version="1.0" encoding="UTF-8"?>
<!-- Generated by org.testng.reporters.JUnitReportReporter -->
<testsuite hostname="Bhargavas-MacBook-Pro.local" failures="0" tests="1" name="testCases.TC_002_Login" time="12.164" errors="0" timestamp="2022-01-26T15:36:21 CET" skipped="0">
  <testcase classname="testCases.TC_002_Login" name="test_Login" time="12.164"/>
  <system-out/>
</testsuite> <!-- testCases.TC_002_Login -->
