<?xml version="1.0" encoding="UTF-8"?>
<!-- Generated by org.testng.reporters.JUnitReportReporter -->
<testsuite skipped="0" hostname="Bhargavas-MacBook-Pro.local" name="testCases.TC_002_Login" tests="1" failures="0" timestamp="2022-01-26T17:45:43 CET" time="35.825" errors="0">
  <testcase name="test_Login" time="35.825" classname="testCases.TC_002_Login"/>
  <system-out/>
</testsuite> <!-- testCases.TC_002_Login -->
