<?xml version="1.0" encoding="UTF-8"?>
<!-- Generated by org.testng.reporters.JUnitReportReporter -->
<testsuite skipped="0" hostname="Bhargavas-MacBook-Pro.local" name="testCases.TC_001_AccountRegistration" tests="1" failures="0" timestamp="2022-01-26T17:45:43 CET" time="63.474" errors="0">
  <testcase name="test_account_Registration" time="63.474" classname="testCases.TC_001_AccountRegistration"/>
  <system-out/>
</testsuite> <!-- testCases.TC_001_AccountRegistration -->
